<?xml version="1.0" encoding="UTF-8"?>
<testsuite xmlns:xsi="http://www.w3.org/2001/XMLSchema-instance" xsi:noNamespaceSchemaLocation="https://maven.apache.org/surefire/maven-surefire-plugin/xsd/surefire-test-report.xsd" version="3.0.2" name="com.example.bankticketsystem.integration.ApplicationHistoryIntegrationTest" time="15.382" tests="1" errors="0" skipped="0" failures="0">
  <properties>
[...]
</properties>
  <testcase name="createApplication_createsHistoryEntry" classname="com.example.bankticketsystem.integration.ApplicationHistoryIntegrationTest" time="0.657">
    <system-out><![CDATA[17:53:59.514 [main] INFO org.testcontainers.images.PullPolicy -- Image pull policy will be performed by: DefaultPullPolicy()
17:53:59.521 [main] INFO org.testcontainers.utility.ImageNameSubstitutor -- Image name substitution will be performed by: DefaultImageNameSubstitutor (composite of 'ConfigurationFileImageNameSubstitutor' and 'PrefixingImageNameSubstitutor')
17:53:59.618 [main] INFO org.testcontainers.DockerClientFactory -- Testcontainers version: 1.21.3
17:53:59.831 [main] INFO org.testcontainers.dockerclient.DockerClientProviderStrategy -- Loaded org.testcontainers.dockerclient.NpipeSocketClientProviderStrategy from ~/.testcontainers.properties, will try it first
17:54:00.089 [main] INFO org.testcontainers.dockerclient.DockerClientProviderStrategy -- Found Docker environment with local Npipe socket (npipe:////./pipe/docker_engine)
17:54:00.089 [main] INFO org.testcontainers.DockerClientFactory -- Docker host IP address is localhost
17:54:00.109 [main] INFO org.testcontainers.DockerClientFactory -- Connected to docker: 
  Server Version: 27.5.1
  API Version: 1.47
  Operating System: Docker Desktop
  Total Memory: 3583 MB
  Labels: 
    com.docker.desktop.address=npipe://\\.\pipe\docker_cli
17:54:00.130 [main] INFO tc.testcontainers/ryuk:0.12.0 -- Creating container for image: testcontainers/ryuk:0.12.0
17:54:01.037 [main] INFO tc.testcontainers/ryuk:0.12.0 -- Container testcontainers/ryuk:0.12.0 is starting: 1f87e1392d4473fec9287b4fd1b3f8d0a02640540ecae19fa477c2cf297019c0
17:54:02.548 [main] INFO tc.testcontainers/ryuk:0.12.0 -- Container testcontainers/ryuk:0.12.0 started in PT2.4171037S
17:54:02.568 [main] INFO org.testcontainers.utility.RyukResourceReaper -- Ryuk started - will monitor and terminate Testcontainers containers on JVM exit
17:54:02.568 [main] INFO org.testcontainers.DockerClientFactory -- Checking the system...
17:54:02.569 [main] INFO org.testcontainers.DockerClientFactory -- ✔︎ Docker server version should be at least 1.6.0
17:54:02.570 [main] INFO tc.postgres:17 -- Creating container for image: postgres:17
17:54:02.804 [main] INFO tc.postgres:17 -- Container postgres:17 is starting: 8f4022837a445f18c76f3fd8b96ad8a417304c16a2162f5ef50a23dbf4510ad5
17:54:05.413 [main] INFO tc.postgres:17 -- Container postgres:17 started in PT2.8430678S
17:54:05.414 [main] INFO tc.postgres:17 -- Container is started (JDBC URL: jdbc:postgresql://localhost:50397/banktickets?loggerLevel=OFF)
17:54:05.508 [main] INFO org.springframework.test.context.support.AnnotationConfigContextLoaderUtils -- Could not detect default configuration classes for test class [com.example.bankticketsystem.integration.ApplicationHistoryIntegrationTest]: ApplicationHistoryIntegrationTest does not declare any static, non-private, non-final, nested classes annotated with @Configuration.
17:54:05.621 [main] INFO org.springframework.boot.test.context.SpringBootTestContextBootstrapper -- Found @SpringBootConfiguration com.example.bankticketsystem.BankTicketSystemApplication for test class com.example.bankticketsystem.integration.ApplicationHistoryIntegrationTest

  .   ____          _            __ _ _
 /\\ / ___'_ __ _ _(_)_ __  __ _ \ \ \ \
( ( )\___ | '_ | '_| | '_ \/ _` | \ \ \ \
 \\/  ___)| |_)| | | | | || (_| |  ) ) ) )
  '  |____| .__|_| |_|_| |_\__, | / / / /
 =========|_|==============|___/=/_/_/_/

 :: Spring Boot ::                (v3.5.7)

2025-11-20T17:54:06.120+03:00  INFO 12140 --- [bank-ticket-system-lab-1] [           main] .e.b.i.ApplicationHistoryIntegrationTest : Starting ApplicationHistoryIntegrationTest using Java 18.0.2.1 with PID 12140 (started by Krako in C:\Users\Krako\HighloadSystems\bank-ticket-system-lab-1)
2025-11-20T17:54:06.120+03:00  INFO 12140 --- [bank-ticket-system-lab-1] [           main] .e.b.i.ApplicationHistoryIntegrationTest : No active profile set, falling back to 1 default profile: "default"
2025-11-20T17:54:06.837+03:00  INFO 12140 --- [bank-ticket-system-lab-1] [           main] .s.d.r.c.RepositoryConfigurationDelegate : Bootstrapping Spring Data JPA repositories in DEFAULT mode.
2025-11-20T17:54:06.927+03:00  INFO 12140 --- [bank-ticket-system-lab-1] [           main] .s.d.r.c.RepositoryConfigurationDelegate : Finished Spring Data repository scanning in 65 ms. Found 7 JPA repository interfaces.
2025-11-20T17:54:07.510+03:00  INFO 12140 --- [bank-ticket-system-lab-1] [           main] o.s.b.w.embedded.tomcat.TomcatWebServer  : Tomcat initialized with port 0 (http)
2025-11-20T17:54:07.515+03:00  INFO 12140 --- [bank-ticket-system-lab-1] [           main] o.apache.catalina.core.StandardService   : Starting service [Tomcat]
2025-11-20T17:54:07.515+03:00  INFO 12140 --- [bank-ticket-system-lab-1] [           main] o.apache.catalina.core.StandardEngine    : Starting Servlet engine: [Apache Tomcat/10.1.48]
2025-11-20T17:54:07.579+03:00  INFO 12140 --- [bank-ticket-system-lab-1] [           main] o.a.c.c.C.[Tomcat].[localhost].[/]       : Initializing Spring embedded WebApplicationContext
2025-11-20T17:54:07.579+03:00  INFO 12140 --- [bank-ticket-system-lab-1] [           main] w.s.c.ServletWebServerApplicationContext : Root WebApplicationContext: initialization completed in 1431 ms
2025-11-20T17:54:07.737+03:00  INFO 12140 --- [bank-ticket-system-lab-1] [           main] com.zaxxer.hikari.HikariDataSource       : HikariPool-1 - Starting...
2025-11-20T17:54:07.931+03:00  INFO 12140 --- [bank-ticket-system-lab-1] [           main] com.zaxxer.hikari.pool.HikariPool        : HikariPool-1 - Added connection org.postgresql.jdbc.PgConnection@26712838
2025-11-20T17:54:07.932+03:00  INFO 12140 --- [bank-ticket-system-lab-1] [           main] com.zaxxer.hikari.HikariDataSource       : HikariPool-1 - Start completed.
2025-11-20T17:54:08.086+03:00  INFO 12140 --- [bank-ticket-system-lab-1] [           main] liquibase.database                       : Set default schema name to public
2025-11-20T17:54:08.576+03:00  INFO 12140 --- [bank-ticket-system-lab-1] [           main] liquibase.changelog                      : Creating database history table with name: public.databasechangelog
2025-11-20T17:54:08.663+03:00  INFO 12140 --- [bank-ticket-system-lab-1] [           main] liquibase.changelog                      : Reading from public.databasechangelog
2025-11-20T17:54:08.785+03:00  INFO 12140 --- [bank-ticket-system-lab-1] [           main] liquibase.snapshot                       : Creating snapshot
2025-11-20T17:54:08.943+03:00  INFO 12140 --- [bank-ticket-system-lab-1] [           main] liquibase.lockservice                    : Successfully acquired change log lock
2025-11-20T17:54:08.946+03:00  INFO 12140 --- [bank-ticket-system-lab-1] [           main] liquibase.command                        : Using deploymentId: 3650447710
2025-11-20T17:54:08.952+03:00  INFO 12140 --- [bank-ticket-system-lab-1] [           main] liquibase.changelog                      : Reading from public.databasechangelog
2025-11-20T17:54:09.003+03:00  INFO 12140 --- [bank-ticket-system-lab-1] [           main] liquibase.ui                             : Running Changeset: db/changelog/changes/001-create-user-table.xml::001-create-user-table::lab1
2025-11-20T17:54:09.017+03:00  INFO 12140 --- [bank-ticket-system-lab-1] [           main] liquibase.changelog                      : Table app_user created
2025-11-20T17:54:09.018+03:00  INFO 12140 --- [bank-ticket-system-lab-1] [           main] liquibase.changelog                      : ChangeSet db/changelog/changes/001-create-user-table.xml::001-create-user-table::lab1 ran successfully in 14ms
2025-11-20T17:54:09.029+03:00  INFO 12140 --- [bank-ticket-system-lab-1] [           main] liquibase.ui                             : Running Changeset: db/changelog/changes/002-create-product-table.xml::002-create-product-table::lab2
2025-11-20T17:54:09.034+03:00  INFO 12140 --- [bank-ticket-system-lab-1] [           main] liquibase.changelog                      : Table product created
2025-11-20T17:54:09.036+03:00  INFO 12140 --- [bank-ticket-system-lab-1] [           main] liquibase.changelog                      : ChangeSet db/changelog/changes/002-create-product-table.xml::002-create-product-table::lab2 ran successfully in 7ms
2025-11-20T17:54:09.042+03:00  INFO 12140 --- [bank-ticket-system-lab-1] [           main] liquibase.ui                             : Running Changeset: db/changelog/changes/003-create-application-table.xml::003-create-application-table::lab2
2025-11-20T17:54:09.049+03:00  INFO 12140 --- [bank-ticket-system-lab-1] [           main] liquibase.changelog                      : Table application created
2025-11-20T17:54:09.053+03:00  INFO 12140 --- [bank-ticket-system-lab-1] [           main] liquibase.changelog                      : Foreign key constraint added to application (applicant_id)
2025-11-20T17:54:09.056+03:00  INFO 12140 --- [bank-ticket-system-lab-1] [           main] liquibase.changelog                      : Foreign key constraint added to application (product_id)
2025-11-20T17:54:09.057+03:00  INFO 12140 --- [bank-ticket-system-lab-1] [           main] liquibase.changelog                      : ChangeSet db/changelog/changes/003-create-application-table.xml::003-create-application-table::lab2 ran successfully in 15ms
2025-11-20T17:54:09.062+03:00  INFO 12140 --- [bank-ticket-system-lab-1] [           main] liquibase.ui                             : Running Changeset: db/changelog/changes/004-create-document-table.xml::004-create-document-table::lab2
2025-11-20T17:54:09.069+03:00  INFO 12140 --- [bank-ticket-system-lab-1] [           main] liquibase.changelog                      : Table document created
2025-11-20T17:54:09.073+03:00  INFO 12140 --- [bank-ticket-system-lab-1] [           main] liquibase.changelog                      : Foreign key constraint added to document (application_id)
2025-11-20T17:54:09.075+03:00  INFO 12140 --- [bank-ticket-system-lab-1] [           main] liquibase.changelog                      : ChangeSet db/changelog/changes/004-create-document-table.xml::004-create-document-table::lab2 ran successfully in 12ms
2025-11-20T17:54:09.080+03:00  INFO 12140 --- [bank-ticket-system-lab-1] [           main] liquibase.ui                             : Running Changeset: db/changelog/changes/005-create-application-history-table.xml::005-create-application-history-table::lab2
2025-11-20T17:54:09.087+03:00  INFO 12140 --- [bank-ticket-system-lab-1] [           main] liquibase.changelog                      : Table application_history created
2025-11-20T17:54:09.090+03:00  INFO 12140 --- [bank-ticket-system-lab-1] [           main] liquibase.changelog                      : Foreign key constraint added to application_history (application_id)
2025-11-20T17:54:09.092+03:00  INFO 12140 --- [bank-ticket-system-lab-1] [           main] liquibase.changelog                      : ChangeSet db/changelog/changes/005-create-application-history-table.xml::005-create-application-history-table::lab2 ran successfully in 11ms
2025-11-20T17:54:09.095+03:00  INFO 12140 --- [bank-ticket-system-lab-1] [           main] liquibase.ui                             : Running Changeset: db/changelog/changes/006-create-tag-table.xml::006-create-tag-table::lab3
2025-11-20T17:54:09.101+03:00  INFO 12140 --- [bank-ticket-system-lab-1] [           main] liquibase.changelog                      : Table tag created
2025-11-20T17:54:09.102+03:00  INFO 12140 --- [bank-ticket-system-lab-1] [           main] liquibase.changelog                      : ChangeSet db/changelog/changes/006-create-tag-table.xml::006-create-tag-table::lab3 ran successfully in 6ms
2025-11-20T17:54:09.107+03:00  INFO 12140 --- [bank-ticket-system-lab-1] [           main] liquibase.ui                             : Running Changeset: db/changelog/changes/007-create-application-tag-table.xml::007-create-application-tag-table::lab3
2025-11-20T17:54:09.111+03:00  INFO 12140 --- [bank-ticket-system-lab-1] [           main] liquibase.changelog                      : Table application_tag created
2025-11-20T17:54:09.113+03:00  INFO 12140 --- [bank-ticket-system-lab-1] [           main] liquibase.changelog                      : Foreign key constraint added to application_tag (application_id)
2025-11-20T17:54:09.116+03:00  INFO 12140 --- [bank-ticket-system-lab-1] [           main] liquibase.changelog                      : Foreign key constraint added to application_tag (tag_id)
2025-11-20T17:54:09.119+03:00  INFO 12140 --- [bank-ticket-system-lab-1] [           main] liquibase.changelog                      : Unique constraint added to application_tag(application_id,tag_id)
2025-11-20T17:54:09.121+03:00  INFO 12140 --- [bank-ticket-system-lab-1] [           main] liquibase.changelog                      : ChangeSet db/changelog/changes/007-create-application-tag-table.xml::007-create-application-tag-table::lab3 ran successfully in 14ms
2025-11-20T17:54:09.125+03:00  INFO 12140 --- [bank-ticket-system-lab-1] [           main] liquibase.ui                             : Running Changeset: db/changelog/changes/008-create-user-product-assignment.xml::008-create-user-product-assignment::lab3
2025-11-20T17:54:09.131+03:00  INFO 12140 --- [bank-ticket-system-lab-1] [           main] liquibase.changelog                      : Table user_product_assignment created
2025-11-20T17:54:09.135+03:00  INFO 12140 --- [bank-ticket-system-lab-1] [           main] liquibase.changelog                      : Foreign key constraint added to user_product_assignment (user_id)
2025-11-20T17:54:09.137+03:00  INFO 12140 --- [bank-ticket-system-lab-1] [           main] liquibase.changelog                      : Foreign key constraint added to user_product_assignment (product_id)
2025-11-20T17:54:09.140+03:00  INFO 12140 --- [bank-ticket-system-lab-1] [           main] liquibase.changelog                      : Unique constraint added to user_product_assignment(user_id,product_id)
2025-11-20T17:54:09.141+03:00  INFO 12140 --- [bank-ticket-system-lab-1] [           main] liquibase.changelog                      : ChangeSet db/changelog/changes/008-create-user-product-assignment.xml::008-create-user-product-assignment::lab3 ran successfully in 16ms
2025-11-20T17:54:09.154+03:00  INFO 12140 --- [bank-ticket-system-lab-1] [           main] liquibase.util                           : UPDATE SUMMARY
2025-11-20T17:54:09.154+03:00  INFO 12140 --- [bank-ticket-system-lab-1] [           main] liquibase.util                           : Run:                          8
2025-11-20T17:54:09.154+03:00  INFO 12140 --- [bank-ticket-system-lab-1] [           main] liquibase.util                           : Previously run:               0
2025-11-20T17:54:09.154+03:00  INFO 12140 --- [bank-ticket-system-lab-1] [           main] liquibase.util                           : Filtered out:                 0
2025-11-20T17:54:09.154+03:00  INFO 12140 --- [bank-ticket-system-lab-1] [           main] liquibase.util                           : -------------------------------
2025-11-20T17:54:09.154+03:00  INFO 12140 --- [bank-ticket-system-lab-1] [           main] liquibase.util                           : Total change sets:            8
2025-11-20T17:54:09.155+03:00  INFO 12140 --- [bank-ticket-system-lab-1] [           main] liquibase.util                           : Update summary generated
2025-11-20T17:54:09.155+03:00  INFO 12140 --- [bank-ticket-system-lab-1] [           main] liquibase.command                        : Update command completed successfully.
2025-11-20T17:54:09.155+03:00  INFO 12140 --- [bank-ticket-system-lab-1] [           main] liquibase.ui                             : Liquibase: Update has been successful. Rows affected: 8
2025-11-20T17:54:09.164+03:00  INFO 12140 --- [bank-ticket-system-lab-1] [           main] liquibase.lockservice                    : Successfully released change log lock
2025-11-20T17:54:09.167+03:00  INFO 12140 --- [bank-ticket-system-lab-1] [           main] liquibase.command                        : Command execution complete
2025-11-20T17:54:10.548+03:00  INFO 12140 --- [bank-ticket-system-lab-1] [           main] o.hibernate.jpa.internal.util.LogHelper  : HHH000204: Processing PersistenceUnitInfo [name: default]
2025-11-20T17:54:10.628+03:00  INFO 12140 --- [bank-ticket-system-lab-1] [           main] org.hibernate.Version                    : HHH000412: Hibernate ORM core version 6.6.33.Final
2025-11-20T17:54:10.668+03:00  INFO 12140 --- [bank-ticket-system-lab-1] [           main] o.h.c.internal.RegionFactoryInitiator    : HHH000026: Second-level cache disabled
2025-11-20T17:54:10.978+03:00  INFO 12140 --- [bank-ticket-system-lab-1] [           main] o.s.o.j.p.SpringPersistenceUnitInfo      : No LoadTimeWeaver setup: ignoring JPA class transformer
2025-11-20T17:54:11.070+03:00  INFO 12140 --- [bank-ticket-system-lab-1] [           main] org.hibernate.orm.connections.pooling    : HHH10001005: Database info:
	Database JDBC URL [Connecting through datasource 'HikariDataSource (HikariPool-1)']
	Database driver: undefined/unknown
	Database version: 17.6
	Autocommit mode: undefined/unknown
	Isolation level: undefined/unknown
	Minimum pool size: undefined/unknown
	Maximum pool size: undefined/unknown
2025-11-20T17:54:11.973+03:00  INFO 12140 --- [bank-ticket-system-lab-1] [           main] o.h.e.t.j.p.i.JtaPlatformInitiator       : HHH000489: No JTA platform available (set 'hibernate.transaction.jta.platform' to enable JTA platform integration)
2025-11-20T17:54:11.974+03:00  INFO 12140 --- [bank-ticket-system-lab-1] [           main] j.LocalContainerEntityManagerFactoryBean : Initialized JPA EntityManagerFactory for persistence unit 'default'
2025-11-20T17:54:12.353+03:00  INFO 12140 --- [bank-ticket-system-lab-1] [           main] o.s.d.j.r.query.QueryEnhancerFactory     : Hibernate is in classpath; If applicable, HQL parser will be used.
2025-11-20T17:54:12.956+03:00  WARN 12140 --- [bank-ticket-system-lab-1] [           main] JpaBaseConfiguration$JpaWebConfiguration : spring.jpa.open-in-view is enabled by default. Therefore, database queries may be performed during view rendering. Explicitly configure spring.jpa.open-in-view to disable this warning
2025-11-20T17:54:13.386+03:00  INFO 12140 --- [bank-ticket-system-lab-1] [           main] o.s.b.w.embedded.tomcat.TomcatWebServer  : Tomcat started on port 50418 (http) with context path '/'
2025-11-20T17:54:13.393+03:00  INFO 12140 --- [bank-ticket-system-lab-1] [           main] .e.b.i.ApplicationHistoryIntegrationTest : Started ApplicationHistoryIntegrationTest in 7.613 seconds (process running for 14.49)
Created admin: kirill170251@gmail.com
Created admin: dbabenko@gmail.com
2025-11-20T17:54:14.169+03:00  INFO 12140 --- [bank-ticket-system-lab-1] [o-auto-1-exec-1] o.a.c.c.C.[Tomcat].[localhost].[/]       : Initializing Spring DispatcherServlet 'dispatcherServlet'
2025-11-20T17:54:14.169+03:00  INFO 12140 --- [bank-ticket-system-lab-1] [o-auto-1-exec-1] o.s.web.servlet.DispatcherServlet        : Initializing Servlet 'dispatcherServlet'
2025-11-20T17:54:14.169+03:00  INFO 12140 --- [bank-ticket-system-lab-1] [o-auto-1-exec-1] o.s.web.servlet.DispatcherServlet        : Completed initialization in 0 ms
]]></system-out>
  </testcase>
</testsuite>