<?xml version="1.0" encoding="UTF-8"?>
<testsuite xmlns:xsi="http://www.w3.org/2001/XMLSchema-instance" xsi:noNamespaceSchemaLocation="https://maven.apache.org/surefire/maven-surefire-plugin/xsd/surefire-test-report.xsd" version="3.0.2" name="com.example.bankticketsystem.integration.UserIntegrationTest" time="13.888" tests="1" errors="0" skipped="0" failures="0">
  <properties>
[...]
</properties>
  <testcase name="fullLifecycle_withAdminActor" classname="com.example.bankticketsystem.integration.UserIntegrationTest" time="0.832">
    <system-out><![CDATA[20:31:12.842 [main] INFO org.testcontainers.images.PullPolicy -- Image pull policy will be performed by: DefaultPullPolicy()
20:31:12.842 [main] INFO org.testcontainers.utility.ImageNameSubstitutor -- Image name substitution will be performed by: DefaultImageNameSubstitutor (composite of 'ConfigurationFileImageNameSubstitutor' and 'PrefixingImageNameSubstitutor')
20:31:12.956 [main] INFO org.testcontainers.DockerClientFactory -- Testcontainers version: 1.21.3
20:31:13.171 [main] INFO org.testcontainers.dockerclient.DockerClientProviderStrategy -- Loaded org.testcontainers.dockerclient.NpipeSocketClientProviderStrategy from ~/.testcontainers.properties, will try it first
20:31:13.489 [main] INFO org.testcontainers.dockerclient.DockerClientProviderStrategy -- Found Docker environment with local Npipe socket (npipe:////./pipe/docker_engine)
20:31:13.489 [main] INFO org.testcontainers.DockerClientFactory -- Docker host IP address is localhost
20:31:13.514 [main] INFO org.testcontainers.DockerClientFactory -- Connected to docker: 
  Server Version: 27.5.1
  API Version: 1.47
  Operating System: Docker Desktop
  Total Memory: 3583 MB
  Labels: 
    com.docker.desktop.address=npipe://\\.\pipe\docker_cli
20:31:13.622 [main] INFO tc.testcontainers/ryuk:0.12.0 -- Creating container for image: testcontainers/ryuk:0.12.0
20:31:13.924 [main] INFO tc.testcontainers/ryuk:0.12.0 -- Container testcontainers/ryuk:0.12.0 is starting: 6c9cce66942471182b1bf3077c02952d15485a9cefd0731ede8a1d0104c0d203
20:31:14.776 [main] INFO tc.testcontainers/ryuk:0.12.0 -- Container testcontainers/ryuk:0.12.0 started in PT1.1540707S
20:31:14.788 [main] INFO org.testcontainers.utility.RyukResourceReaper -- Ryuk started - will monitor and terminate Testcontainers containers on JVM exit
20:31:14.788 [main] INFO org.testcontainers.DockerClientFactory -- Checking the system...
20:31:14.789 [main] INFO org.testcontainers.DockerClientFactory -- ✔︎ Docker server version should be at least 1.6.0
20:31:14.790 [main] INFO tc.postgres:17 -- Creating container for image: postgres:17
20:31:14.917 [main] INFO tc.postgres:17 -- Container postgres:17 is starting: 5475e8557adf22c549139161beb7877b2b0ab679502c86850841a36318f1d118
20:31:16.932 [main] INFO tc.postgres:17 -- Container postgres:17 started in PT2.1426787S
20:31:16.933 [main] INFO tc.postgres:17 -- Container is started (JDBC URL: jdbc:postgresql://localhost:61205/banktickets?loggerLevel=OFF)
20:31:17.034 [main] INFO org.springframework.test.context.support.AnnotationConfigContextLoaderUtils -- Could not detect default configuration classes for test class [com.example.bankticketsystem.integration.UserIntegrationTest]: UserIntegrationTest does not declare any static, non-private, non-final, nested classes annotated with @Configuration.
20:31:17.146 [main] INFO org.springframework.boot.test.context.SpringBootTestContextBootstrapper -- Found @SpringBootConfiguration com.example.bankticketsystem.BankTicketSystemApplication for test class com.example.bankticketsystem.integration.UserIntegrationTest

  .   ____          _            __ _ _
 /\\ / ___'_ __ _ _(_)_ __  __ _ \ \ \ \
( ( )\___ | '_ | '_| | '_ \/ _` | \ \ \ \
 \\/  ___)| |_)| | | | | || (_| |  ) ) ) )
  '  |____| .__|_| |_|_| |_\__, | / / / /
 =========|_|==============|___/=/_/_/_/

 :: Spring Boot ::                (v3.5.7)

2025-11-20T20:31:17.659+03:00  INFO 18004 --- [bank-ticket-system-lab-1] [           main] c.e.b.integration.UserIntegrationTest    : Starting UserIntegrationTest using Java 18.0.2.1 with PID 18004 (started by Krako in C:\Users\Krako\HighloadSystems\bank-ticket-system-lab-1)
2025-11-20T20:31:17.660+03:00  INFO 18004 --- [bank-ticket-system-lab-1] [           main] c.e.b.integration.UserIntegrationTest    : No active profile set, falling back to 1 default profile: "default"
2025-11-20T20:31:18.460+03:00  INFO 18004 --- [bank-ticket-system-lab-1] [           main] .s.d.r.c.RepositoryConfigurationDelegate : Bootstrapping Spring Data JPA repositories in DEFAULT mode.
2025-11-20T20:31:18.542+03:00  INFO 18004 --- [bank-ticket-system-lab-1] [           main] .s.d.r.c.RepositoryConfigurationDelegate : Finished Spring Data repository scanning in 72 ms. Found 7 JPA repository interfaces.
2025-11-20T20:31:19.133+03:00  INFO 18004 --- [bank-ticket-system-lab-1] [           main] o.s.b.w.embedded.tomcat.TomcatWebServer  : Tomcat initialized with port 0 (http)
2025-11-20T20:31:19.155+03:00  INFO 18004 --- [bank-ticket-system-lab-1] [           main] o.apache.catalina.core.StandardService   : Starting service [Tomcat]
2025-11-20T20:31:19.159+03:00  INFO 18004 --- [bank-ticket-system-lab-1] [           main] o.apache.catalina.core.StandardEngine    : Starting Servlet engine: [Apache Tomcat/10.1.48]
2025-11-20T20:31:19.225+03:00  INFO 18004 --- [bank-ticket-system-lab-1] [           main] o.a.c.c.C.[Tomcat].[localhost].[/]       : Initializing Spring embedded WebApplicationContext
2025-11-20T20:31:19.225+03:00  INFO 18004 --- [bank-ticket-system-lab-1] [           main] w.s.c.ServletWebServerApplicationContext : Root WebApplicationContext: initialization completed in 1548 ms
2025-11-20T20:31:19.389+03:00  INFO 18004 --- [bank-ticket-system-lab-1] [           main] com.zaxxer.hikari.HikariDataSource       : HikariPool-1 - Starting...
2025-11-20T20:31:19.595+03:00  INFO 18004 --- [bank-ticket-system-lab-1] [           main] com.zaxxer.hikari.pool.HikariPool        : HikariPool-1 - Added connection org.postgresql.jdbc.PgConnection@7e1762e6
2025-11-20T20:31:19.597+03:00  INFO 18004 --- [bank-ticket-system-lab-1] [           main] com.zaxxer.hikari.HikariDataSource       : HikariPool-1 - Start completed.
2025-11-20T20:31:19.748+03:00  INFO 18004 --- [bank-ticket-system-lab-1] [           main] liquibase.database                       : Set default schema name to public
2025-11-20T20:31:20.230+03:00  INFO 18004 --- [bank-ticket-system-lab-1] [           main] liquibase.changelog                      : Creating database history table with name: public.databasechangelog
2025-11-20T20:31:20.268+03:00  INFO 18004 --- [bank-ticket-system-lab-1] [           main] liquibase.changelog                      : Reading from public.databasechangelog
2025-11-20T20:31:20.391+03:00  INFO 18004 --- [bank-ticket-system-lab-1] [           main] liquibase.snapshot                       : Creating snapshot
2025-11-20T20:31:20.512+03:00  INFO 18004 --- [bank-ticket-system-lab-1] [           main] liquibase.lockservice                    : Successfully acquired change log lock
2025-11-20T20:31:20.514+03:00  INFO 18004 --- [bank-ticket-system-lab-1] [           main] liquibase.command                        : Using deploymentId: 3659879369
2025-11-20T20:31:20.517+03:00  INFO 18004 --- [bank-ticket-system-lab-1] [           main] liquibase.changelog                      : Reading from public.databasechangelog
2025-11-20T20:31:20.547+03:00  INFO 18004 --- [bank-ticket-system-lab-1] [           main] liquibase.ui                             : Running Changeset: db/changelog/changes/001-create-user-table.xml::001-create-user-table::lab1
2025-11-20T20:31:20.560+03:00  INFO 18004 --- [bank-ticket-system-lab-1] [           main] liquibase.changelog                      : Table app_user created
2025-11-20T20:31:20.562+03:00  INFO 18004 --- [bank-ticket-system-lab-1] [           main] liquibase.changelog                      : ChangeSet db/changelog/changes/001-create-user-table.xml::001-create-user-table::lab1 ran successfully in 15ms
2025-11-20T20:31:20.570+03:00  INFO 18004 --- [bank-ticket-system-lab-1] [           main] liquibase.ui                             : Running Changeset: db/changelog/changes/002-create-product-table.xml::002-create-product-table::lab2
2025-11-20T20:31:20.576+03:00  INFO 18004 --- [bank-ticket-system-lab-1] [           main] liquibase.changelog                      : Table product created
2025-11-20T20:31:20.577+03:00  INFO 18004 --- [bank-ticket-system-lab-1] [           main] liquibase.changelog                      : ChangeSet db/changelog/changes/002-create-product-table.xml::002-create-product-table::lab2 ran successfully in 7ms
2025-11-20T20:31:20.583+03:00  INFO 18004 --- [bank-ticket-system-lab-1] [           main] liquibase.ui                             : Running Changeset: db/changelog/changes/003-create-application-table.xml::003-create-application-table::lab2
2025-11-20T20:31:20.589+03:00  INFO 18004 --- [bank-ticket-system-lab-1] [           main] liquibase.changelog                      : Table application created
2025-11-20T20:31:20.594+03:00  INFO 18004 --- [bank-ticket-system-lab-1] [           main] liquibase.changelog                      : Foreign key constraint added to application (applicant_id)
2025-11-20T20:31:20.597+03:00  INFO 18004 --- [bank-ticket-system-lab-1] [           main] liquibase.changelog                      : Foreign key constraint added to application (product_id)
2025-11-20T20:31:20.598+03:00  INFO 18004 --- [bank-ticket-system-lab-1] [           main] liquibase.changelog                      : ChangeSet db/changelog/changes/003-create-application-table.xml::003-create-application-table::lab2 ran successfully in 15ms
2025-11-20T20:31:20.603+03:00  INFO 18004 --- [bank-ticket-system-lab-1] [           main] liquibase.ui                             : Running Changeset: db/changelog/changes/004-create-document-table.xml::004-create-document-table::lab2
2025-11-20T20:31:20.611+03:00  INFO 18004 --- [bank-ticket-system-lab-1] [           main] liquibase.changelog                      : Table document created
2025-11-20T20:31:20.614+03:00  INFO 18004 --- [bank-ticket-system-lab-1] [           main] liquibase.changelog                      : Foreign key constraint added to document (application_id)
2025-11-20T20:31:20.615+03:00  INFO 18004 --- [bank-ticket-system-lab-1] [           main] liquibase.changelog                      : ChangeSet db/changelog/changes/004-create-document-table.xml::004-create-document-table::lab2 ran successfully in 12ms
2025-11-20T20:31:20.621+03:00  INFO 18004 --- [bank-ticket-system-lab-1] [           main] liquibase.ui                             : Running Changeset: db/changelog/changes/005-create-application-history-table.xml::005-create-application-history-table::lab2
2025-11-20T20:31:20.631+03:00  INFO 18004 --- [bank-ticket-system-lab-1] [           main] liquibase.changelog                      : Table application_history created
2025-11-20T20:31:20.635+03:00  INFO 18004 --- [bank-ticket-system-lab-1] [           main] liquibase.changelog                      : Foreign key constraint added to application_history (application_id)
2025-11-20T20:31:20.637+03:00  INFO 18004 --- [bank-ticket-system-lab-1] [           main] liquibase.changelog                      : ChangeSet db/changelog/changes/005-create-application-history-table.xml::005-create-application-history-table::lab2 ran successfully in 16ms
2025-11-20T20:31:20.645+03:00  INFO 18004 --- [bank-ticket-system-lab-1] [           main] liquibase.ui                             : Running Changeset: db/changelog/changes/006-create-tag-table.xml::006-create-tag-table::lab3
2025-11-20T20:31:20.652+03:00  INFO 18004 --- [bank-ticket-system-lab-1] [           main] liquibase.changelog                      : Table tag created
2025-11-20T20:31:20.653+03:00  INFO 18004 --- [bank-ticket-system-lab-1] [           main] liquibase.changelog                      : ChangeSet db/changelog/changes/006-create-tag-table.xml::006-create-tag-table::lab3 ran successfully in 8ms
2025-11-20T20:31:20.658+03:00  INFO 18004 --- [bank-ticket-system-lab-1] [           main] liquibase.ui                             : Running Changeset: db/changelog/changes/007-create-application-tag-table.xml::007-create-application-tag-table::lab3
2025-11-20T20:31:20.661+03:00  INFO 18004 --- [bank-ticket-system-lab-1] [           main] liquibase.changelog                      : Table application_tag created
2025-11-20T20:31:20.664+03:00  INFO 18004 --- [bank-ticket-system-lab-1] [           main] liquibase.changelog                      : Foreign key constraint added to application_tag (application_id)
2025-11-20T20:31:20.666+03:00  INFO 18004 --- [bank-ticket-system-lab-1] [           main] liquibase.changelog                      : Foreign key constraint added to application_tag (tag_id)
2025-11-20T20:31:20.669+03:00  INFO 18004 --- [bank-ticket-system-lab-1] [           main] liquibase.changelog                      : Unique constraint added to application_tag(application_id,tag_id)
2025-11-20T20:31:20.671+03:00  INFO 18004 --- [bank-ticket-system-lab-1] [           main] liquibase.changelog                      : ChangeSet db/changelog/changes/007-create-application-tag-table.xml::007-create-application-tag-table::lab3 ran successfully in 13ms
2025-11-20T20:31:20.676+03:00  INFO 18004 --- [bank-ticket-system-lab-1] [           main] liquibase.ui                             : Running Changeset: db/changelog/changes/008-create-user-product-assignment.xml::008-create-user-product-assignment::lab3
2025-11-20T20:31:20.682+03:00  INFO 18004 --- [bank-ticket-system-lab-1] [           main] liquibase.changelog                      : Table user_product_assignment created
2025-11-20T20:31:20.685+03:00  INFO 18004 --- [bank-ticket-system-lab-1] [           main] liquibase.changelog                      : Foreign key constraint added to user_product_assignment (user_id)
2025-11-20T20:31:20.687+03:00  INFO 18004 --- [bank-ticket-system-lab-1] [           main] liquibase.changelog                      : Foreign key constraint added to user_product_assignment (product_id)
2025-11-20T20:31:20.689+03:00  INFO 18004 --- [bank-ticket-system-lab-1] [           main] liquibase.changelog                      : Unique constraint added to user_product_assignment(user_id,product_id)
2025-11-20T20:31:20.691+03:00  INFO 18004 --- [bank-ticket-system-lab-1] [           main] liquibase.changelog                      : ChangeSet db/changelog/changes/008-create-user-product-assignment.xml::008-create-user-product-assignment::lab3 ran successfully in 13ms
2025-11-20T20:31:20.700+03:00  INFO 18004 --- [bank-ticket-system-lab-1] [           main] liquibase.util                           : UPDATE SUMMARY
2025-11-20T20:31:20.700+03:00  INFO 18004 --- [bank-ticket-system-lab-1] [           main] liquibase.util                           : Run:                          8
2025-11-20T20:31:20.700+03:00  INFO 18004 --- [bank-ticket-system-lab-1] [           main] liquibase.util                           : Previously run:               0
2025-11-20T20:31:20.700+03:00  INFO 18004 --- [bank-ticket-system-lab-1] [           main] liquibase.util                           : Filtered out:                 0
2025-11-20T20:31:20.700+03:00  INFO 18004 --- [bank-ticket-system-lab-1] [           main] liquibase.util                           : -------------------------------
2025-11-20T20:31:20.702+03:00  INFO 18004 --- [bank-ticket-system-lab-1] [           main] liquibase.util                           : Total change sets:            8
2025-11-20T20:31:20.702+03:00  INFO 18004 --- [bank-ticket-system-lab-1] [           main] liquibase.util                           : Update summary generated
2025-11-20T20:31:20.705+03:00  INFO 18004 --- [bank-ticket-system-lab-1] [           main] liquibase.command                        : Update command completed successfully.
2025-11-20T20:31:20.705+03:00  INFO 18004 --- [bank-ticket-system-lab-1] [           main] liquibase.ui                             : Liquibase: Update has been successful. Rows affected: 8
2025-11-20T20:31:20.711+03:00  INFO 18004 --- [bank-ticket-system-lab-1] [           main] liquibase.lockservice                    : Successfully released change log lock
2025-11-20T20:31:20.714+03:00  INFO 18004 --- [bank-ticket-system-lab-1] [           main] liquibase.command                        : Command execution complete
2025-11-20T20:31:22.090+03:00  INFO 18004 --- [bank-ticket-system-lab-1] [           main] o.hibernate.jpa.internal.util.LogHelper  : HHH000204: Processing PersistenceUnitInfo [name: default]
2025-11-20T20:31:22.161+03:00  INFO 18004 --- [bank-ticket-system-lab-1] [           main] org.hibernate.Version                    : HHH000412: Hibernate ORM core version 6.6.33.Final
2025-11-20T20:31:22.214+03:00  INFO 18004 --- [bank-ticket-system-lab-1] [           main] o.h.c.internal.RegionFactoryInitiator    : HHH000026: Second-level cache disabled
2025-11-20T20:31:22.528+03:00  INFO 18004 --- [bank-ticket-system-lab-1] [           main] o.s.o.j.p.SpringPersistenceUnitInfo      : No LoadTimeWeaver setup: ignoring JPA class transformer
2025-11-20T20:31:22.623+03:00  INFO 18004 --- [bank-ticket-system-lab-1] [           main] org.hibernate.orm.connections.pooling    : HHH10001005: Database info:
	Database JDBC URL [Connecting through datasource 'HikariDataSource (HikariPool-1)']
	Database driver: undefined/unknown
	Database version: 17.6
	Autocommit mode: undefined/unknown
	Isolation level: undefined/unknown
	Minimum pool size: undefined/unknown
	Maximum pool size: undefined/unknown
2025-11-20T20:31:23.593+03:00  INFO 18004 --- [bank-ticket-system-lab-1] [           main] o.h.e.t.j.p.i.JtaPlatformInitiator       : HHH000489: No JTA platform available (set 'hibernate.transaction.jta.platform' to enable JTA platform integration)
2025-11-20T20:31:23.593+03:00  INFO 18004 --- [bank-ticket-system-lab-1] [           main] j.LocalContainerEntityManagerFactoryBean : Initialized JPA EntityManagerFactory for persistence unit 'default'
2025-11-20T20:31:24.005+03:00  INFO 18004 --- [bank-ticket-system-lab-1] [           main] o.s.d.j.r.query.QueryEnhancerFactory     : Hibernate is in classpath; If applicable, HQL parser will be used.
2025-11-20T20:31:24.481+03:00  WARN 18004 --- [bank-ticket-system-lab-1] [           main] JpaBaseConfiguration$JpaWebConfiguration : spring.jpa.open-in-view is enabled by default. Therefore, database queries may be performed during view rendering. Explicitly configure spring.jpa.open-in-view to disable this warning
2025-11-20T20:31:25.028+03:00  INFO 18004 --- [bank-ticket-system-lab-1] [           main] o.s.b.w.embedded.tomcat.TomcatWebServer  : Tomcat started on port 61226 (http) with context path '/'
2025-11-20T20:31:25.034+03:00  INFO 18004 --- [bank-ticket-system-lab-1] [           main] c.e.b.integration.UserIntegrationTest    : Started UserIntegrationTest in 7.73 seconds (process running for 12.833)
Created admin: kirill170251@gmail.com
Created admin: dbabenko@gmail.com
2025-11-20T20:31:25.780+03:00  INFO 18004 --- [bank-ticket-system-lab-1] [o-auto-1-exec-1] o.a.c.c.C.[Tomcat].[localhost].[/]       : Initializing Spring DispatcherServlet 'dispatcherServlet'
2025-11-20T20:31:25.780+03:00  INFO 18004 --- [bank-ticket-system-lab-1] [o-auto-1-exec-1] o.s.web.servlet.DispatcherServlet        : Initializing Servlet 'dispatcherServlet'
2025-11-20T20:31:25.780+03:00  INFO 18004 --- [bank-ticket-system-lab-1] [o-auto-1-exec-1] o.s.web.servlet.DispatcherServlet        : Completed initialization in 0 ms
]]></system-out>
  </testcase>
</testsuite>