<?xml version="1.0" encoding="UTF-8"?>
<testsuite xmlns:xsi="http://www.w3.org/2001/XMLSchema-instance" xsi:noNamespaceSchemaLocation="https://maven.apache.org/surefire/maven-surefire-plugin/xsd/surefire-test-report.xsd" version="3.0.2" name="com.example.bankticketsystem.integration.ApplicationHistoryIntegrationTest" time="16.766" tests="1" errors="0" skipped="0" failures="0">
  <properties>
[...]
</properties>
  <testcase name="createApplication_createsHistoryEntry" classname="com.example.bankticketsystem.integration.ApplicationHistoryIntegrationTest" time="0.711">
    <system-out><![CDATA[15:50:42.825 [main] INFO org.testcontainers.images.PullPolicy -- Image pull policy will be performed by: DefaultPullPolicy()
15:50:42.830 [main] INFO org.testcontainers.utility.ImageNameSubstitutor -- Image name substitution will be performed by: DefaultImageNameSubstitutor (composite of 'ConfigurationFileImageNameSubstitutor' and 'PrefixingImageNameSubstitutor')
15:50:42.923 [main] INFO org.testcontainers.DockerClientFactory -- Testcontainers version: 1.21.3
15:50:43.202 [main] INFO org.testcontainers.dockerclient.DockerClientProviderStrategy -- Loaded org.testcontainers.dockerclient.NpipeSocketClientProviderStrategy from ~/.testcontainers.properties, will try it first
15:50:44.386 [main] INFO org.testcontainers.dockerclient.DockerClientProviderStrategy -- Found Docker environment with local Npipe socket (npipe:////./pipe/docker_engine)
15:50:44.387 [main] INFO org.testcontainers.DockerClientFactory -- Docker host IP address is localhost
15:50:44.483 [main] INFO org.testcontainers.DockerClientFactory -- Connected to docker: 
  Server Version: 28.5.1
  API Version: 1.51
  Operating System: Docker Desktop
  Total Memory: 3814 MB
  Labels: 
    com.docker.desktop.address=npipe://\\.\pipe\docker_cli
15:50:44.705 [main] INFO tc.testcontainers/ryuk:0.12.0 -- Creating container for image: testcontainers/ryuk:0.12.0
15:50:45.110 [main] INFO tc.testcontainers/ryuk:0.12.0 -- Container testcontainers/ryuk:0.12.0 is starting: e8ccd277f4adadecfe2a68b9affc8072b5003bd04786aeb81ca7998934fe3db6
15:50:46.204 [main] INFO tc.testcontainers/ryuk:0.12.0 -- Container testcontainers/ryuk:0.12.0 started in PT1.4993602S
15:50:46.216 [main] INFO org.testcontainers.utility.RyukResourceReaper -- Ryuk started - will monitor and terminate Testcontainers containers on JVM exit
15:50:46.216 [main] INFO org.testcontainers.DockerClientFactory -- Checking the system...
15:50:46.216 [main] INFO org.testcontainers.DockerClientFactory -- ?? Docker server version should be at least 1.6.0
15:50:46.217 [main] INFO tc.postgres:17 -- Creating container for image: postgres:17
15:50:46.327 [main] INFO tc.postgres:17 -- Container postgres:17 is starting: c6c9886ee1ed6121f9be4367da08fd8d52069754521be64fc4b85733990ee0e7
15:50:50.039 [main] INFO tc.postgres:17 -- Container postgres:17 started in PT3.8220577S
15:50:50.040 [main] INFO tc.postgres:17 -- Container is started (JDBC URL: jdbc:postgresql://localhost:14216/banktickets?loggerLevel=OFF)
15:50:50.214 [main] INFO org.springframework.test.context.support.AnnotationConfigContextLoaderUtils -- Could not detect default configuration classes for test class [com.example.bankticketsystem.integration.ApplicationHistoryIntegrationTest]: ApplicationHistoryIntegrationTest does not declare any static, non-private, non-final, nested classes annotated with @Configuration.
15:50:50.418 [main] INFO org.springframework.boot.test.context.SpringBootTestContextBootstrapper -- Found @SpringBootConfiguration com.example.bankticketsystem.BankTicketSystemApplication for test class com.example.bankticketsystem.integration.ApplicationHistoryIntegrationTest

  .   ____          _            __ _ _
 /\\ / ___'_ __ _ _(_)_ __  __ _ \ \ \ \
( ( )\___ | '_ | '_| | '_ \/ _` | \ \ \ \
 \\/  ___)| |_)| | | | | || (_| |  ) ) ) )
  '  |____| .__|_| |_|_| |_\__, | / / / /
 =========|_|==============|___/=/_/_/_/

 :: Spring Boot ::                (v3.5.7)

2025-11-15T15:50:50.957+03:00  INFO 18068 --- [bank-ticket-system-lab-1] [           main] .e.b.i.ApplicationHistoryIntegrationTest : Starting ApplicationHistoryIntegrationTest using Java 17.0.9 with PID 18068 (started by danie in C:\Users\danie\OneDrive\Рабочий стол\Python\Высокопроизводительные системы\bank-ticket-system-lr-1)
2025-11-15T15:50:50.958+03:00  INFO 18068 --- [bank-ticket-system-lab-1] [           main] .e.b.i.ApplicationHistoryIntegrationTest : No active profile set, falling back to 1 default profile: "default"
2025-11-15T15:50:51.785+03:00  INFO 18068 --- [bank-ticket-system-lab-1] [           main] .s.d.r.c.RepositoryConfigurationDelegate : Bootstrapping Spring Data JPA repositories in DEFAULT mode.
2025-11-15T15:50:51.893+03:00  INFO 18068 --- [bank-ticket-system-lab-1] [           main] .s.d.r.c.RepositoryConfigurationDelegate : Finished Spring Data repository scanning in 95 ms. Found 7 JPA repository interfaces.
2025-11-15T15:50:52.547+03:00  INFO 18068 --- [bank-ticket-system-lab-1] [           main] o.s.b.w.embedded.tomcat.TomcatWebServer  : Tomcat initialized with port 0 (http)
2025-11-15T15:50:52.565+03:00  INFO 18068 --- [bank-ticket-system-lab-1] [           main] o.apache.catalina.core.StandardService   : Starting service [Tomcat]
2025-11-15T15:50:52.565+03:00  INFO 18068 --- [bank-ticket-system-lab-1] [           main] o.apache.catalina.core.StandardEngine    : Starting Servlet engine: [Apache Tomcat/10.1.48]
2025-11-15T15:50:52.628+03:00  INFO 18068 --- [bank-ticket-system-lab-1] [           main] o.a.c.c.C.[Tomcat].[localhost].[/]       : Initializing Spring embedded WebApplicationContext
2025-11-15T15:50:52.629+03:00  INFO 18068 --- [bank-ticket-system-lab-1] [           main] w.s.c.ServletWebServerApplicationContext : Root WebApplicationContext: initialization completed in 1650 ms
2025-11-15T15:50:52.818+03:00  INFO 18068 --- [bank-ticket-system-lab-1] [           main] com.zaxxer.hikari.HikariDataSource       : HikariPool-1 - Starting...
2025-11-15T15:50:53.055+03:00  INFO 18068 --- [bank-ticket-system-lab-1] [           main] com.zaxxer.hikari.pool.HikariPool        : HikariPool-1 - Added connection org.postgresql.jdbc.PgConnection@b144175
2025-11-15T15:50:53.056+03:00  INFO 18068 --- [bank-ticket-system-lab-1] [           main] com.zaxxer.hikari.HikariDataSource       : HikariPool-1 - Start completed.
2025-11-15T15:50:53.247+03:00  INFO 18068 --- [bank-ticket-system-lab-1] [           main] liquibase.database                       : Set default schema name to public
2025-11-15T15:50:53.761+03:00  INFO 18068 --- [bank-ticket-system-lab-1] [           main] liquibase.changelog                      : Creating database history table with name: public.databasechangelog
2025-11-15T15:50:53.801+03:00  INFO 18068 --- [bank-ticket-system-lab-1] [           main] liquibase.changelog                      : Reading from public.databasechangelog
2025-11-15T15:50:53.938+03:00  INFO 18068 --- [bank-ticket-system-lab-1] [           main] liquibase.snapshot                       : Creating snapshot
2025-11-15T15:50:54.083+03:00  INFO 18068 --- [bank-ticket-system-lab-1] [           main] liquibase.lockservice                    : Successfully acquired change log lock
2025-11-15T15:50:54.086+03:00  INFO 18068 --- [bank-ticket-system-lab-1] [           main] liquibase.command                        : Using deploymentId: 3211052789
2025-11-15T15:50:54.090+03:00  INFO 18068 --- [bank-ticket-system-lab-1] [           main] liquibase.changelog                      : Reading from public.databasechangelog
2025-11-15T15:50:54.139+03:00  INFO 18068 --- [bank-ticket-system-lab-1] [           main] liquibase.ui                             : Running Changeset: db/changelog/changes/001-create-user-table.xml::001-create-user-table::lab1
2025-11-15T15:50:54.152+03:00  INFO 18068 --- [bank-ticket-system-lab-1] [           main] liquibase.changelog                      : Table app_user created
2025-11-15T15:50:54.154+03:00  INFO 18068 --- [bank-ticket-system-lab-1] [           main] liquibase.changelog                      : ChangeSet db/changelog/changes/001-create-user-table.xml::001-create-user-table::lab1 ran successfully in 13ms
2025-11-15T15:50:54.162+03:00  INFO 18068 --- [bank-ticket-system-lab-1] [           main] liquibase.ui                             : Running Changeset: db/changelog/changes/002-create-product-table.xml::002-create-product-table::lab2
2025-11-15T15:50:54.168+03:00  INFO 18068 --- [bank-ticket-system-lab-1] [           main] liquibase.changelog                      : Table product created
2025-11-15T15:50:54.170+03:00  INFO 18068 --- [bank-ticket-system-lab-1] [           main] liquibase.changelog                      : ChangeSet db/changelog/changes/002-create-product-table.xml::002-create-product-table::lab2 ran successfully in 8ms
2025-11-15T15:50:54.177+03:00  INFO 18068 --- [bank-ticket-system-lab-1] [           main] liquibase.ui                             : Running Changeset: db/changelog/changes/003-create-application-table.xml::003-create-application-table::lab2
2025-11-15T15:50:54.183+03:00  INFO 18068 --- [bank-ticket-system-lab-1] [           main] liquibase.changelog                      : Table application created
2025-11-15T15:50:54.189+03:00  INFO 18068 --- [bank-ticket-system-lab-1] [           main] liquibase.changelog                      : Foreign key constraint added to application (applicant_id)
2025-11-15T15:50:54.194+03:00  INFO 18068 --- [bank-ticket-system-lab-1] [           main] liquibase.changelog                      : Foreign key constraint added to application (product_id)
2025-11-15T15:50:54.195+03:00  INFO 18068 --- [bank-ticket-system-lab-1] [           main] liquibase.changelog                      : ChangeSet db/changelog/changes/003-create-application-table.xml::003-create-application-table::lab2 ran successfully in 18ms
2025-11-15T15:50:54.201+03:00  INFO 18068 --- [bank-ticket-system-lab-1] [           main] liquibase.ui                             : Running Changeset: db/changelog/changes/004-create-document-table.xml::004-create-document-table::lab2
2025-11-15T15:50:54.208+03:00  INFO 18068 --- [bank-ticket-system-lab-1] [           main] liquibase.changelog                      : Table document created
2025-11-15T15:50:54.211+03:00  INFO 18068 --- [bank-ticket-system-lab-1] [           main] liquibase.changelog                      : Foreign key constraint added to document (application_id)
2025-11-15T15:50:54.212+03:00  INFO 18068 --- [bank-ticket-system-lab-1] [           main] liquibase.changelog                      : ChangeSet db/changelog/changes/004-create-document-table.xml::004-create-document-table::lab2 ran successfully in 11ms
2025-11-15T15:50:54.217+03:00  INFO 18068 --- [bank-ticket-system-lab-1] [           main] liquibase.ui                             : Running Changeset: db/changelog/changes/005-create-application-history-table.xml::005-create-application-history-table::lab2
2025-11-15T15:50:54.222+03:00  INFO 18068 --- [bank-ticket-system-lab-1] [           main] liquibase.changelog                      : Table application_history created
2025-11-15T15:50:54.225+03:00  INFO 18068 --- [bank-ticket-system-lab-1] [           main] liquibase.changelog                      : Foreign key constraint added to application_history (application_id)
2025-11-15T15:50:54.227+03:00  INFO 18068 --- [bank-ticket-system-lab-1] [           main] liquibase.changelog                      : ChangeSet db/changelog/changes/005-create-application-history-table.xml::005-create-application-history-table::lab2 ran successfully in 10ms
2025-11-15T15:50:54.232+03:00  INFO 18068 --- [bank-ticket-system-lab-1] [           main] liquibase.ui                             : Running Changeset: db/changelog/changes/006-create-tag-table.xml::006-create-tag-table::lab3
2025-11-15T15:50:54.237+03:00  INFO 18068 --- [bank-ticket-system-lab-1] [           main] liquibase.changelog                      : Table tag created
2025-11-15T15:50:54.238+03:00  INFO 18068 --- [bank-ticket-system-lab-1] [           main] liquibase.changelog                      : ChangeSet db/changelog/changes/006-create-tag-table.xml::006-create-tag-table::lab3 ran successfully in 5ms
2025-11-15T15:50:54.243+03:00  INFO 18068 --- [bank-ticket-system-lab-1] [           main] liquibase.ui                             : Running Changeset: db/changelog/changes/007-create-application-tag-table.xml::007-create-application-tag-table::lab3
2025-11-15T15:50:54.248+03:00  INFO 18068 --- [bank-ticket-system-lab-1] [           main] liquibase.changelog                      : Table application_tag created
2025-11-15T15:50:54.250+03:00  INFO 18068 --- [bank-ticket-system-lab-1] [           main] liquibase.changelog                      : Foreign key constraint added to application_tag (application_id)
2025-11-15T15:50:54.253+03:00  INFO 18068 --- [bank-ticket-system-lab-1] [           main] liquibase.changelog                      : Foreign key constraint added to application_tag (tag_id)
2025-11-15T15:50:54.257+03:00  INFO 18068 --- [bank-ticket-system-lab-1] [           main] liquibase.changelog                      : Unique constraint added to application_tag(application_id,tag_id)
2025-11-15T15:50:54.259+03:00  INFO 18068 --- [bank-ticket-system-lab-1] [           main] liquibase.changelog                      : ChangeSet db/changelog/changes/007-create-application-tag-table.xml::007-create-application-tag-table::lab3 ran successfully in 15ms
2025-11-15T15:50:54.266+03:00  INFO 18068 --- [bank-ticket-system-lab-1] [           main] liquibase.ui                             : Running Changeset: db/changelog/changes/008-create-user-product-assignment.xml::008-create-user-product-assignment::lab3
2025-11-15T15:50:54.271+03:00  INFO 18068 --- [bank-ticket-system-lab-1] [           main] liquibase.changelog                      : Table user_product_assignment created
2025-11-15T15:50:54.274+03:00  INFO 18068 --- [bank-ticket-system-lab-1] [           main] liquibase.changelog                      : Foreign key constraint added to user_product_assignment (user_id)
2025-11-15T15:50:54.276+03:00  INFO 18068 --- [bank-ticket-system-lab-1] [           main] liquibase.changelog                      : Foreign key constraint added to user_product_assignment (product_id)
2025-11-15T15:50:54.280+03:00  INFO 18068 --- [bank-ticket-system-lab-1] [           main] liquibase.changelog                      : Unique constraint added to user_product_assignment(user_id,product_id)
2025-11-15T15:50:54.281+03:00  INFO 18068 --- [bank-ticket-system-lab-1] [           main] liquibase.changelog                      : ChangeSet db/changelog/changes/008-create-user-product-assignment.xml::008-create-user-product-assignment::lab3 ran successfully in 15ms
2025-11-15T15:50:54.292+03:00  INFO 18068 --- [bank-ticket-system-lab-1] [           main] liquibase.util                           : UPDATE SUMMARY
2025-11-15T15:50:54.293+03:00  INFO 18068 --- [bank-ticket-system-lab-1] [           main] liquibase.util                           : Run:                          8
2025-11-15T15:50:54.293+03:00  INFO 18068 --- [bank-ticket-system-lab-1] [           main] liquibase.util                           : Previously run:               0
2025-11-15T15:50:54.293+03:00  INFO 18068 --- [bank-ticket-system-lab-1] [           main] liquibase.util                           : Filtered out:                 0
2025-11-15T15:50:54.293+03:00  INFO 18068 --- [bank-ticket-system-lab-1] [           main] liquibase.util                           : -------------------------------
2025-11-15T15:50:54.293+03:00  INFO 18068 --- [bank-ticket-system-lab-1] [           main] liquibase.util                           : Total change sets:            8
2025-11-15T15:50:54.294+03:00  INFO 18068 --- [bank-ticket-system-lab-1] [           main] liquibase.util                           : Update summary generated
2025-11-15T15:50:54.298+03:00  INFO 18068 --- [bank-ticket-system-lab-1] [           main] liquibase.command                        : Update command completed successfully.
2025-11-15T15:50:54.299+03:00  INFO 18068 --- [bank-ticket-system-lab-1] [           main] liquibase.ui                             : Liquibase: Update has been successful. Rows affected: 8
2025-11-15T15:50:54.304+03:00  INFO 18068 --- [bank-ticket-system-lab-1] [           main] liquibase.lockservice                    : Successfully released change log lock
2025-11-15T15:50:54.306+03:00  INFO 18068 --- [bank-ticket-system-lab-1] [           main] liquibase.command                        : Command execution complete
2025-11-15T15:50:55.091+03:00  INFO 18068 --- [bank-ticket-system-lab-1] [           main] o.hibernate.jpa.internal.util.LogHelper  : HHH000204: Processing PersistenceUnitInfo [name: default]
2025-11-15T15:50:55.184+03:00  INFO 18068 --- [bank-ticket-system-lab-1] [           main] org.hibernate.Version                    : HHH000412: Hibernate ORM core version 6.6.33.Final
2025-11-15T15:50:55.233+03:00  INFO 18068 --- [bank-ticket-system-lab-1] [           main] o.h.c.internal.RegionFactoryInitiator    : HHH000026: Second-level cache disabled
2025-11-15T15:50:55.615+03:00  INFO 18068 --- [bank-ticket-system-lab-1] [           main] o.s.o.j.p.SpringPersistenceUnitInfo      : No LoadTimeWeaver setup: ignoring JPA class transformer
2025-11-15T15:50:55.712+03:00  INFO 18068 --- [bank-ticket-system-lab-1] [           main] org.hibernate.orm.connections.pooling    : HHH10001005: Database info:
	Database JDBC URL [Connecting through datasource 'HikariDataSource (HikariPool-1)']
	Database driver: undefined/unknown
	Database version: 17.6
	Autocommit mode: undefined/unknown
	Isolation level: undefined/unknown
	Minimum pool size: undefined/unknown
	Maximum pool size: undefined/unknown
2025-11-15T15:50:56.845+03:00  INFO 18068 --- [bank-ticket-system-lab-1] [           main] o.h.e.t.j.p.i.JtaPlatformInitiator       : HHH000489: No JTA platform available (set 'hibernate.transaction.jta.platform' to enable JTA platform integration)
2025-11-15T15:50:56.847+03:00  INFO 18068 --- [bank-ticket-system-lab-1] [           main] j.LocalContainerEntityManagerFactoryBean : Initialized JPA EntityManagerFactory for persistence unit 'default'
2025-11-15T15:50:57.410+03:00  WARN 18068 --- [bank-ticket-system-lab-1] [           main] JpaBaseConfiguration$JpaWebConfiguration : spring.jpa.open-in-view is enabled by default. Therefore, database queries may be performed during view rendering. Explicitly configure spring.jpa.open-in-view to disable this warning
2025-11-15T15:50:57.913+03:00  INFO 18068 --- [bank-ticket-system-lab-1] [           main] o.s.b.w.embedded.tomcat.TomcatWebServer  : Tomcat started on port 14333 (http) with context path '/'
2025-11-15T15:50:57.920+03:00  INFO 18068 --- [bank-ticket-system-lab-1] [           main] .e.b.i.ApplicationHistoryIntegrationTest : Started ApplicationHistoryIntegrationTest in 7.329 seconds (process running for 16.005)
Created admin: kirill170251@gmail.com
Created admin: dbabenko@gmail.com
2025-11-15T15:50:58.859+03:00  INFO 18068 --- [bank-ticket-system-lab-1] [o-auto-1-exec-1] o.a.c.c.C.[Tomcat].[localhost].[/]       : Initializing Spring DispatcherServlet 'dispatcherServlet'
2025-11-15T15:50:58.860+03:00  INFO 18068 --- [bank-ticket-system-lab-1] [o-auto-1-exec-1] o.s.web.servlet.DispatcherServlet        : Initializing Servlet 'dispatcherServlet'
2025-11-15T15:50:58.861+03:00  INFO 18068 --- [bank-ticket-system-lab-1] [o-auto-1-exec-1] o.s.web.servlet.DispatcherServlet        : Completed initialization in 1 ms
]]></system-out>
  </testcase>
</testsuite>