<?xml version="1.0" encoding="UTF-8"?>
<testsuite xmlns:xsi="http://www.w3.org/2001/XMLSchema-instance" xsi:noNamespaceSchemaLocation="https://maven.apache.org/surefire/maven-surefire-plugin/xsd/surefire-test-report.xsd" version="3.0.2" name="com.example.bankticketsystem.integration.ApplicationKeysetIntegrationTest" time="3.434" tests="1" errors="0" skipped="0" failures="0">
  <properties>
[...]
</properties>
  <testcase name="keysetPagination_returnsPages_and_noTotalHeader" classname="com.example.bankticketsystem.integration.ApplicationKeysetIntegrationTest" time="0.327">
    <system-out><![CDATA[2025-11-20T17:54:18.239+03:00  INFO 12140 --- [bank-ticket-system-lab-1] [           main] tc.postgres:17                           : Creating container for image: postgres:17
2025-11-20T17:54:18.372+03:00  INFO 12140 --- [bank-ticket-system-lab-1] [           main] tc.postgres:17                           : Container postgres:17 is starting: 83cf4e951843afa3daa56d73602e523c0724d5f722ff3b749f7689dcb960ea36
2025-11-20T17:54:20.020+03:00  INFO 12140 --- [bank-ticket-system-lab-1] [           main] tc.postgres:17                           : Container postgres:17 started in PT1.7803708S
2025-11-20T17:54:20.020+03:00  INFO 12140 --- [bank-ticket-system-lab-1] [           main] tc.postgres:17                           : Container is started (JDBC URL: jdbc:postgresql://localhost:50443/banktickets?loggerLevel=OFF)
2025-11-20T17:54:20.021+03:00  INFO 12140 --- [bank-ticket-system-lab-1] [           main] t.c.s.AnnotationConfigContextLoaderUtils : Could not detect default configuration classes for test class [com.example.bankticketsystem.integration.ApplicationKeysetIntegrationTest]: ApplicationKeysetIntegrationTest does not declare any static, non-private, non-final, nested classes annotated with @Configuration.
2025-11-20T17:54:20.022+03:00  INFO 12140 --- [bank-ticket-system-lab-1] [           main] .b.t.c.SpringBootTestContextBootstrapper : Found @SpringBootConfiguration com.example.bankticketsystem.BankTicketSystemApplication for test class com.example.bankticketsystem.integration.ApplicationKeysetIntegrationTest

  .   ____          _            __ _ _
 /\\ / ___'_ __ _ _(_)_ __  __ _ \ \ \ \
( ( )\___ | '_ | '_| | '_ \/ _` | \ \ \ \
 \\/  ___)| |_)| | | | | || (_| |  ) ) ) )
  '  |____| .__|_| |_|_| |_\__, | / / / /
 =========|_|==============|___/=/_/_/_/

 :: Spring Boot ::                (v3.5.7)

2025-11-20T17:54:20.038+03:00  INFO 12140 --- [bank-ticket-system-lab-1] [           main] c.e.b.i.ApplicationKeysetIntegrationTest : Starting ApplicationKeysetIntegrationTest using Java 18.0.2.1 with PID 12140 (started by Krako in C:\Users\Krako\HighloadSystems\bank-ticket-system-lab-1)
2025-11-20T17:54:20.038+03:00  INFO 12140 --- [bank-ticket-system-lab-1] [           main] c.e.b.i.ApplicationKeysetIntegrationTest : No active profile set, falling back to 1 default profile: "default"
2025-11-20T17:54:20.145+03:00  INFO 12140 --- [bank-ticket-system-lab-1] [           main] .s.d.r.c.RepositoryConfigurationDelegate : Bootstrapping Spring Data JPA repositories in DEFAULT mode.
2025-11-20T17:54:20.168+03:00  INFO 12140 --- [bank-ticket-system-lab-1] [           main] .s.d.r.c.RepositoryConfigurationDelegate : Finished Spring Data repository scanning in 16 ms. Found 7 JPA repository interfaces.
2025-11-20T17:54:20.221+03:00  INFO 12140 --- [bank-ticket-system-lab-1] [           main] o.s.b.w.embedded.tomcat.TomcatWebServer  : Tomcat initialized with port 0 (http)
2025-11-20T17:54:20.223+03:00  INFO 12140 --- [bank-ticket-system-lab-1] [           main] o.apache.catalina.core.StandardService   : Starting service [Tomcat]
2025-11-20T17:54:20.223+03:00  INFO 12140 --- [bank-ticket-system-lab-1] [           main] o.apache.catalina.core.StandardEngine    : Starting Servlet engine: [Apache Tomcat/10.1.48]
2025-11-20T17:54:20.245+03:00  INFO 12140 --- [bank-ticket-system-lab-1] [           main] o.a.c.c.C.[Tomcat-2].[localhost].[/]     : Initializing Spring embedded WebApplicationContext
2025-11-20T17:54:20.245+03:00  INFO 12140 --- [bank-ticket-system-lab-1] [           main] w.s.c.ServletWebServerApplicationContext : Root WebApplicationContext: initialization completed in 207 ms
2025-11-20T17:54:20.260+03:00  INFO 12140 --- [bank-ticket-system-lab-1] [           main] com.zaxxer.hikari.HikariDataSource       : HikariPool-3 - Starting...
2025-11-20T17:54:20.279+03:00  INFO 12140 --- [bank-ticket-system-lab-1] [           main] com.zaxxer.hikari.pool.HikariPool        : HikariPool-3 - Added connection org.postgresql.jdbc.PgConnection@768ceda4
2025-11-20T17:54:20.279+03:00  INFO 12140 --- [bank-ticket-system-lab-1] [           main] com.zaxxer.hikari.HikariDataSource       : HikariPool-3 - Start completed.
2025-11-20T17:54:20.290+03:00  INFO 12140 --- [bank-ticket-system-lab-1] [           main] liquibase.database                       : Set default schema name to public
2025-11-20T17:54:20.310+03:00  INFO 12140 --- [bank-ticket-system-lab-1] [           main] liquibase.changelog                      : Creating database history table with name: public.databasechangelog
2025-11-20T17:54:20.317+03:00  INFO 12140 --- [bank-ticket-system-lab-1] [           main] liquibase.changelog                      : Reading from public.databasechangelog
2025-11-20T17:54:20.375+03:00  INFO 12140 --- [bank-ticket-system-lab-1] [           main] liquibase.snapshot                       : Creating snapshot
2025-11-20T17:54:20.412+03:00  INFO 12140 --- [bank-ticket-system-lab-1] [           main] liquibase.lockservice                    : Successfully acquired change log lock
2025-11-20T17:54:20.414+03:00  INFO 12140 --- [bank-ticket-system-lab-1] [           main] liquibase.command                        : Using deploymentId: 3650447710
2025-11-20T17:54:20.415+03:00  INFO 12140 --- [bank-ticket-system-lab-1] [           main] liquibase.changelog                      : Reading from public.databasechangelog
2025-11-20T17:54:20.425+03:00  INFO 12140 --- [bank-ticket-system-lab-1] [           main] liquibase.ui                             : Running Changeset: db/changelog/changes/001-create-user-table.xml::001-create-user-table::lab1
2025-11-20T17:54:20.433+03:00  INFO 12140 --- [bank-ticket-system-lab-1] [           main] liquibase.changelog                      : Table app_user created
2025-11-20T17:54:20.434+03:00  INFO 12140 --- [bank-ticket-system-lab-1] [           main] liquibase.changelog                      : ChangeSet db/changelog/changes/001-create-user-table.xml::001-create-user-table::lab1 ran successfully in 9ms
2025-11-20T17:54:20.439+03:00  INFO 12140 --- [bank-ticket-system-lab-1] [           main] liquibase.ui                             : Running Changeset: db/changelog/changes/002-create-product-table.xml::002-create-product-table::lab2
2025-11-20T17:54:20.443+03:00  INFO 12140 --- [bank-ticket-system-lab-1] [           main] liquibase.changelog                      : Table product created
2025-11-20T17:54:20.444+03:00  INFO 12140 --- [bank-ticket-system-lab-1] [           main] liquibase.changelog                      : ChangeSet db/changelog/changes/002-create-product-table.xml::002-create-product-table::lab2 ran successfully in 5ms
2025-11-20T17:54:20.448+03:00  INFO 12140 --- [bank-ticket-system-lab-1] [           main] liquibase.ui                             : Running Changeset: db/changelog/changes/003-create-application-table.xml::003-create-application-table::lab2
2025-11-20T17:54:20.453+03:00  INFO 12140 --- [bank-ticket-system-lab-1] [           main] liquibase.changelog                      : Table application created
2025-11-20T17:54:20.458+03:00  INFO 12140 --- [bank-ticket-system-lab-1] [           main] liquibase.changelog                      : Foreign key constraint added to application (applicant_id)
2025-11-20T17:54:20.460+03:00  INFO 12140 --- [bank-ticket-system-lab-1] [           main] liquibase.changelog                      : Foreign key constraint added to application (product_id)
2025-11-20T17:54:20.461+03:00  INFO 12140 --- [bank-ticket-system-lab-1] [           main] liquibase.changelog                      : ChangeSet db/changelog/changes/003-create-application-table.xml::003-create-application-table::lab2 ran successfully in 13ms
2025-11-20T17:54:20.466+03:00  INFO 12140 --- [bank-ticket-system-lab-1] [           main] liquibase.ui                             : Running Changeset: db/changelog/changes/004-create-document-table.xml::004-create-document-table::lab2
2025-11-20T17:54:20.470+03:00  INFO 12140 --- [bank-ticket-system-lab-1] [           main] liquibase.changelog                      : Table document created
2025-11-20T17:54:20.473+03:00  INFO 12140 --- [bank-ticket-system-lab-1] [           main] liquibase.changelog                      : Foreign key constraint added to document (application_id)
2025-11-20T17:54:20.474+03:00  INFO 12140 --- [bank-ticket-system-lab-1] [           main] liquibase.changelog                      : ChangeSet db/changelog/changes/004-create-document-table.xml::004-create-document-table::lab2 ran successfully in 8ms
2025-11-20T17:54:20.478+03:00  INFO 12140 --- [bank-ticket-system-lab-1] [           main] liquibase.ui                             : Running Changeset: db/changelog/changes/005-create-application-history-table.xml::005-create-application-history-table::lab2
2025-11-20T17:54:20.481+03:00  INFO 12140 --- [bank-ticket-system-lab-1] [           main] liquibase.changelog                      : Table application_history created
2025-11-20T17:54:20.484+03:00  INFO 12140 --- [bank-ticket-system-lab-1] [           main] liquibase.changelog                      : Foreign key constraint added to application_history (application_id)
2025-11-20T17:54:20.484+03:00  INFO 12140 --- [bank-ticket-system-lab-1] [           main] liquibase.changelog                      : ChangeSet db/changelog/changes/005-create-application-history-table.xml::005-create-application-history-table::lab2 ran successfully in 6ms
2025-11-20T17:54:20.490+03:00  INFO 12140 --- [bank-ticket-system-lab-1] [           main] liquibase.ui                             : Running Changeset: db/changelog/changes/006-create-tag-table.xml::006-create-tag-table::lab3
2025-11-20T17:54:20.494+03:00  INFO 12140 --- [bank-ticket-system-lab-1] [           main] liquibase.changelog                      : Table tag created
2025-11-20T17:54:20.495+03:00  INFO 12140 --- [bank-ticket-system-lab-1] [           main] liquibase.changelog                      : ChangeSet db/changelog/changes/006-create-tag-table.xml::006-create-tag-table::lab3 ran successfully in 5ms
2025-11-20T17:54:20.499+03:00  INFO 12140 --- [bank-ticket-system-lab-1] [           main] liquibase.ui                             : Running Changeset: db/changelog/changes/007-create-application-tag-table.xml::007-create-application-tag-table::lab3
2025-11-20T17:54:20.501+03:00  INFO 12140 --- [bank-ticket-system-lab-1] [           main] liquibase.changelog                      : Table application_tag created
2025-11-20T17:54:20.503+03:00  INFO 12140 --- [bank-ticket-system-lab-1] [           main] liquibase.changelog                      : Foreign key constraint added to application_tag (application_id)
2025-11-20T17:54:20.505+03:00  INFO 12140 --- [bank-ticket-system-lab-1] [           main] liquibase.changelog                      : Foreign key constraint added to application_tag (tag_id)
2025-11-20T17:54:20.506+03:00  INFO 12140 --- [bank-ticket-system-lab-1] [           main] liquibase.changelog                      : Unique constraint added to application_tag(application_id,tag_id)
2025-11-20T17:54:20.508+03:00  INFO 12140 --- [bank-ticket-system-lab-1] [           main] liquibase.changelog                      : ChangeSet db/changelog/changes/007-create-application-tag-table.xml::007-create-application-tag-table::lab3 ran successfully in 9ms
2025-11-20T17:54:20.511+03:00  INFO 12140 --- [bank-ticket-system-lab-1] [           main] liquibase.ui                             : Running Changeset: db/changelog/changes/008-create-user-product-assignment.xml::008-create-user-product-assignment::lab3
2025-11-20T17:54:20.516+03:00  INFO 12140 --- [bank-ticket-system-lab-1] [           main] liquibase.changelog                      : Table user_product_assignment created
2025-11-20T17:54:20.518+03:00  INFO 12140 --- [bank-ticket-system-lab-1] [           main] liquibase.changelog                      : Foreign key constraint added to user_product_assignment (user_id)
2025-11-20T17:54:20.521+03:00  INFO 12140 --- [bank-ticket-system-lab-1] [           main] liquibase.changelog                      : Foreign key constraint added to user_product_assignment (product_id)
2025-11-20T17:54:20.522+03:00  INFO 12140 --- [bank-ticket-system-lab-1] [           main] liquibase.changelog                      : Unique constraint added to user_product_assignment(user_id,product_id)
2025-11-20T17:54:20.522+03:00  INFO 12140 --- [bank-ticket-system-lab-1] [           main] liquibase.changelog                      : ChangeSet db/changelog/changes/008-create-user-product-assignment.xml::008-create-user-product-assignment::lab3 ran successfully in 11ms
2025-11-20T17:54:20.525+03:00  INFO 12140 --- [bank-ticket-system-lab-1] [           main] liquibase.util                           : UPDATE SUMMARY
2025-11-20T17:54:20.525+03:00  INFO 12140 --- [bank-ticket-system-lab-1] [           main] liquibase.util                           : Run:                          8
2025-11-20T17:54:20.525+03:00  INFO 12140 --- [bank-ticket-system-lab-1] [           main] liquibase.util                           : Previously run:               0
2025-11-20T17:54:20.525+03:00  INFO 12140 --- [bank-ticket-system-lab-1] [           main] liquibase.util                           : Filtered out:                 0
2025-11-20T17:54:20.525+03:00  INFO 12140 --- [bank-ticket-system-lab-1] [           main] liquibase.util                           : -------------------------------
2025-11-20T17:54:20.525+03:00  INFO 12140 --- [bank-ticket-system-lab-1] [           main] liquibase.util                           : Total change sets:            8
2025-11-20T17:54:20.525+03:00  INFO 12140 --- [bank-ticket-system-lab-1] [           main] liquibase.util                           : Update summary generated
2025-11-20T17:54:20.525+03:00  INFO 12140 --- [bank-ticket-system-lab-1] [           main] liquibase.command                        : Update command completed successfully.
2025-11-20T17:54:20.525+03:00  INFO 12140 --- [bank-ticket-system-lab-1] [           main] liquibase.ui                             : Liquibase: Update has been successful. Rows affected: 8
2025-11-20T17:54:20.531+03:00  INFO 12140 --- [bank-ticket-system-lab-1] [           main] liquibase.lockservice                    : Successfully released change log lock
2025-11-20T17:54:20.533+03:00  INFO 12140 --- [bank-ticket-system-lab-1] [           main] liquibase.command                        : Command execution complete
2025-11-20T17:54:20.548+03:00  INFO 12140 --- [bank-ticket-system-lab-1] [           main] o.hibernate.jpa.internal.util.LogHelper  : HHH000204: Processing PersistenceUnitInfo [name: default]
2025-11-20T17:54:20.550+03:00  INFO 12140 --- [bank-ticket-system-lab-1] [           main] o.h.c.internal.RegionFactoryInitiator    : HHH000026: Second-level cache disabled
2025-11-20T17:54:20.553+03:00  INFO 12140 --- [bank-ticket-system-lab-1] [           main] o.s.o.j.p.SpringPersistenceUnitInfo      : No LoadTimeWeaver setup: ignoring JPA class transformer
2025-11-20T17:54:20.562+03:00  INFO 12140 --- [bank-ticket-system-lab-1] [           main] org.hibernate.orm.connections.pooling    : HHH10001005: Database info:
	Database JDBC URL [Connecting through datasource 'HikariDataSource (HikariPool-3)']
	Database driver: undefined/unknown
	Database version: 17.6
	Autocommit mode: undefined/unknown
	Isolation level: undefined/unknown
	Minimum pool size: undefined/unknown
	Maximum pool size: undefined/unknown
2025-11-20T17:54:20.607+03:00  INFO 12140 --- [bank-ticket-system-lab-1] [           main] o.h.e.t.j.p.i.JtaPlatformInitiator       : HHH000489: No JTA platform available (set 'hibernate.transaction.jta.platform' to enable JTA platform integration)
2025-11-20T17:54:20.607+03:00  INFO 12140 --- [bank-ticket-system-lab-1] [           main] j.LocalContainerEntityManagerFactoryBean : Initialized JPA EntityManagerFactory for persistence unit 'default'
2025-11-20T17:54:20.690+03:00  WARN 12140 --- [bank-ticket-system-lab-1] [           main] JpaBaseConfiguration$JpaWebConfiguration : spring.jpa.open-in-view is enabled by default. Therefore, database queries may be performed during view rendering. Explicitly configure spring.jpa.open-in-view to disable this warning
2025-11-20T17:54:20.760+03:00  INFO 12140 --- [bank-ticket-system-lab-1] [           main] o.s.b.w.embedded.tomcat.TomcatWebServer  : Tomcat started on port 50455 (http) with context path '/'
2025-11-20T17:54:20.763+03:00  INFO 12140 --- [bank-ticket-system-lab-1] [           main] c.e.b.i.ApplicationKeysetIntegrationTest : Started ApplicationKeysetIntegrationTest in 0.739 seconds (process running for 21.86)
Created admin: kirill170251@gmail.com
Created admin: dbabenko@gmail.com
2025-11-20T17:54:21.094+03:00  INFO 12140 --- [bank-ticket-system-lab-1] [o-auto-3-exec-1] o.a.c.c.C.[Tomcat-2].[localhost].[/]     : Initializing Spring DispatcherServlet 'dispatcherServlet'
2025-11-20T17:54:21.094+03:00  INFO 12140 --- [bank-ticket-system-lab-1] [o-auto-3-exec-1] o.s.web.servlet.DispatcherServlet        : Initializing Servlet 'dispatcherServlet'
2025-11-20T17:54:21.094+03:00  INFO 12140 --- [bank-ticket-system-lab-1] [o-auto-3-exec-1] o.s.web.servlet.DispatcherServlet        : Completed initialization in 0 ms
]]></system-out>
  </testcase>
</testsuite>